app/build/intermediates/manifest_merge_blame_file/debug/manifest-merger-blame-debug-report.txt
1<?xml version="1.0" encoding="utf-8"?>
2<manifest xmlns:android="http://schemas.android.com/apk/res/android"
3    package="com.aluno.task"
4    android:versionCode="1"
5    android:versionName="1.0" >
6
7    <uses-sdk
8        android:minSdkVersion="24"
9        android:targetSdkVersion="34" />
10
11    <uses-permission android:name="android.permission.INTERNET" />
11-->src\main\AndroidManifest.xml:5:5-67
11-->src\main\AndroidManifest.xml:5:22-64
12    <uses-permission android:name="android.permission.ACCESS_NETWORK_STATE" />
12-->[com.google.firebase:firebase-auth:24.0.1] AndroidManifest.xml:26:5-79
12-->[com.google.firebase:firebase-auth:24.0.1] AndroidManifest.xml:26:22-76
13    <uses-permission android:name="com.google.android.providers.gsf.permission.READ_GSERVICES" />
13-->[com.google.android.recaptcha:recaptcha:18.6.1] AndroidManifest.xml:9:5-98
13-->[com.google.android.recaptcha:recaptcha:18.6.1] AndroidManifest.xml:9:22-95
14
15    <permission
15-->[androidx.core:core:1.12.0] AndroidManifest.xml:22:5-24:47
16        android:name="com.aluno.task.DYNAMIC_RECEIVER_NOT_EXPORTED_PERMISSION"
16-->[androidx.core:core:1.12.0] AndroidManifest.xml:23:9-81
17        android:protectionLevel="signature" />
17-->[androidx.core:core:1.12.0] AndroidManifest.xml:24:9-44
18
19    <uses-permission android:name="com.aluno.task.DYNAMIC_RECEIVER_NOT_EXPORTED_PERMISSION" />
19-->[androidx.core:core:1.12.0] AndroidManifest.xml:26:5-97
19-->[androidx.core:core:1.12.0] AndroidManifest.xml:26:22-94
20
21    <application
21-->src\main\AndroidManifest.xml:7:5-25:19
22        android:allowBackup="true"
22-->src\main\AndroidManifest.xml:8:9-35
23        android:appComponentFactory="androidx.core.app.CoreComponentFactory"
23-->[androidx.core:core:1.12.0] AndroidManifest.xml:28:18-86
24        android:debuggable="true"
25        android:extractNativeLibs="false"
26        android:icon="@drawable/ic_logo"
26-->src\main\AndroidManifest.xml:9:9-41
27        android:label="@string/app_name"
27-->src\main\AndroidManifest.xml:10:9-41
28        android:roundIcon="@drawable/ic_logo"
28-->src\main\AndroidManifest.xml:11:9-46
29        android:supportsRtl="true"
29-->src\main\AndroidManifest.xml:12:9-35
30        android:testOnly="true"
31        android:theme="@style/Theme.Task" >
31-->src\main\AndroidManifest.xml:13:9-42
32        <activity
32-->src\main\AndroidManifest.xml:15:9-23:20
33            android:name="com.aluno.task.MainActivity"
33-->src\main\AndroidManifest.xml:16:13-41
34            android:exported="true"
34-->src\main\AndroidManifest.xml:17:13-36
35            android:windowSoftInputMode="adjustResize" >
35-->src\main\AndroidManifest.xml:18:13-55
36            <intent-filter>
36-->src\main\AndroidManifest.xml:19:13-22:29
37                <action android:name="android.intent.action.MAIN" />
37-->src\main\AndroidManifest.xml:20:17-69
37-->src\main\AndroidManifest.xml:20:25-66
38
39                <category android:name="android.intent.category.LAUNCHER" />
39-->src\main\AndroidManifest.xml:21:17-77
39-->src\main\AndroidManifest.xml:21:27-74
40            </intent-filter>
41        </activity>
42        <activity
42-->[com.google.firebase:firebase-auth:24.0.1] AndroidManifest.xml:29:9-46:20
43            android:name="com.google.firebase.auth.internal.GenericIdpActivity"
43-->[com.google.firebase:firebase-auth:24.0.1] AndroidManifest.xml:30:13-80
44            android:excludeFromRecents="true"
44-->[com.google.firebase:firebase-auth:24.0.1] AndroidManifest.xml:31:13-46
45            android:exported="true"
45-->[com.google.firebase:firebase-auth:24.0.1] AndroidManifest.xml:32:13-36
46            android:launchMode="singleTask"
46-->[com.google.firebase:firebase-auth:24.0.1] AndroidManifest.xml:33:13-44
47            android:theme="@android:style/Theme.Translucent.NoTitleBar" >
47-->[com.google.firebase:firebase-auth:24.0.1] AndroidManifest.xml:34:13-72
48            <intent-filter>
48-->[com.google.firebase:firebase-auth:24.0.1] AndroidManifest.xml:35:13-45:29
49                <action android:name="android.intent.action.VIEW" />
49-->[com.google.firebase:firebase-auth:24.0.1] AndroidManifest.xml:36:17-69
49-->[com.google.firebase:firebase-auth:24.0.1] AndroidManifest.xml:36:25-66
50
51                <category android:name="android.intent.category.DEFAULT" />
51-->[com.google.firebase:firebase-auth:24.0.1] AndroidManifest.xml:38:17-76
51-->[com.google.firebase:firebase-auth:24.0.1] AndroidManifest.xml:38:27-73
52                <category android:name="android.intent.category.BROWSABLE" />
52-->[com.google.firebase:firebase-auth:24.0.1] AndroidManifest.xml:39:17-78
52-->[com.google.firebase:firebase-auth:24.0.1] AndroidManifest.xml:39:27-75
53
54                <data
54-->[com.google.firebase:firebase-auth:24.0.1] AndroidManifest.xml:41:17-44:51
55                    android:host="firebase.auth"
55-->[com.google.firebase:firebase-auth:24.0.1] AndroidManifest.xml:42:21-49
56                    android:path="/"
56-->[com.google.firebase:firebase-auth:24.0.1] AndroidManifest.xml:43:21-37
57                    android:scheme="genericidp" />
57-->[com.google.firebase:firebase-auth:24.0.1] AndroidManifest.xml:44:21-48
58            </intent-filter>
59        </activity>
60        <activity
60-->[com.google.firebase:firebase-auth:24.0.1] AndroidManifest.xml:47:9-64:20
61            android:name="com.google.firebase.auth.internal.RecaptchaActivity"
61-->[com.google.firebase:firebase-auth:24.0.1] AndroidManifest.xml:48:13-79
62            android:excludeFromRecents="true"
62-->[com.google.firebase:firebase-auth:24.0.1] AndroidManifest.xml:49:13-46
63            android:exported="true"
63-->[com.google.firebase:firebase-auth:24.0.1] AndroidManifest.xml:50:13-36
64            android:launchMode="singleTask"
64-->[com.google.firebase:firebase-auth:24.0.1] AndroidManifest.xml:51:13-44
65            android:theme="@android:style/Theme.Translucent.NoTitleBar" >
65-->[com.google.firebase:firebase-auth:24.0.1] AndroidManifest.xml:52:13-72
66            <intent-filter>
66-->[com.google.firebase:firebase-auth:24.0.1] AndroidManifest.xml:53:13-63:29
67                <action android:name="android.intent.action.VIEW" />
67-->[com.google.firebase:firebase-auth:24.0.1] AndroidManifest.xml:36:17-69
67-->[com.google.firebase:firebase-auth:24.0.1] AndroidManifest.xml:36:25-66
68
69                <category android:name="android.intent.category.DEFAULT" />
69-->[com.google.firebase:firebase-auth:24.0.1] AndroidManifest.xml:38:17-76
69-->[com.google.firebase:firebase-auth:24.0.1] AndroidManifest.xml:38:27-73
70                <category android:name="android.intent.category.BROWSABLE" />
70-->[com.google.firebase:firebase-auth:24.0.1] AndroidManifest.xml:39:17-78
70-->[com.google.firebase:firebase-auth:24.0.1] AndroidManifest.xml:39:27-75
71
72                <data
72-->[com.google.firebase:firebase-auth:24.0.1] AndroidManifest.xml:41:17-44:51
73                    android:host="firebase.auth"
73-->[com.google.firebase:firebase-auth:24.0.1] AndroidManifest.xml:42:21-49
74                    android:path="/"
74-->[com.google.firebase:firebase-auth:24.0.1] AndroidManifest.xml:43:21-37
75                    android:scheme="recaptcha" />
75-->[com.google.firebase:firebase-auth:24.0.1] AndroidManifest.xml:44:21-48
76            </intent-filter>
77        </activity>
78
79        <service
79-->[com.google.firebase:firebase-auth:24.0.1] AndroidManifest.xml:66:9-72:19
80            android:name="com.google.firebase.components.ComponentDiscoveryService"
80-->[com.google.firebase:firebase-auth:24.0.1] AndroidManifest.xml:67:13-84
81            android:directBootAware="true"
81-->[com.google.firebase:firebase-common:22.0.1] AndroidManifest.xml:32:13-43
82            android:exported="false" >
82-->[com.google.firebase:firebase-auth:24.0.1] AndroidManifest.xml:68:13-37
83            <meta-data
83-->[com.google.firebase:firebase-auth:24.0.1] AndroidManifest.xml:69:13-71:85
84                android:name="com.google.firebase.components:com.google.firebase.auth.FirebaseAuthRegistrar"
84-->[com.google.firebase:firebase-auth:24.0.1] AndroidManifest.xml:70:17-109
85                android:value="com.google.firebase.components.ComponentRegistrar" />
85-->[com.google.firebase:firebase-auth:24.0.1] AndroidManifest.xml:71:17-82
86            <meta-data
86-->[com.google.firebase:firebase-database-ktx:21.0.0] AndroidManifest.xml:12:13-14:85
87                android:name="com.google.firebase.components:com.google.firebase.database.ktx.FirebaseDatabaseLegacyRegistrar"
87-->[com.google.firebase:firebase-database-ktx:21.0.0] AndroidManifest.xml:13:17-127
88                android:value="com.google.firebase.components.ComponentRegistrar" />
88-->[com.google.firebase:firebase-database-ktx:21.0.0] AndroidManifest.xml:14:17-82
89            <meta-data
89-->[com.google.firebase:firebase-database:22.0.1] AndroidManifest.xml:29:13-31:85
90                android:name="com.google.firebase.components:com.google.firebase.database.FirebaseDatabaseKtxRegistrar"
90-->[com.google.firebase:firebase-database:22.0.1] AndroidManifest.xml:30:17-120
91                android:value="com.google.firebase.components.ComponentRegistrar" />
91-->[com.google.firebase:firebase-database:22.0.1] AndroidManifest.xml:31:17-82
92            <meta-data
92-->[com.google.firebase:firebase-database:22.0.1] AndroidManifest.xml:32:13-34:85
93                android:name="com.google.firebase.components:com.google.firebase.database.DatabaseRegistrar"
93-->[com.google.firebase:firebase-database:22.0.1] AndroidManifest.xml:33:17-109
94                android:value="com.google.firebase.components.ComponentRegistrar" />
94-->[com.google.firebase:firebase-database:22.0.1] AndroidManifest.xml:34:17-82
95            <meta-data
95-->[com.google.firebase:firebase-common-ktx:21.0.0] AndroidManifest.xml:12:13-14:85
96                android:name="com.google.firebase.components:com.google.firebase.ktx.FirebaseCommonLegacyRegistrar"
96-->[com.google.firebase:firebase-common-ktx:21.0.0] AndroidManifest.xml:13:17-116
97                android:value="com.google.firebase.components.ComponentRegistrar" />
97-->[com.google.firebase:firebase-common-ktx:21.0.0] AndroidManifest.xml:14:17-82
98            <meta-data
98-->[com.google.firebase:firebase-common:22.0.1] AndroidManifest.xml:35:13-37:85
99                android:name="com.google.firebase.components:com.google.firebase.FirebaseCommonKtxRegistrar"
99-->[com.google.firebase:firebase-common:22.0.1] AndroidManifest.xml:36:17-109
100                android:value="com.google.firebase.components.ComponentRegistrar" />
100-->[com.google.firebase:firebase-common:22.0.1] AndroidManifest.xml:37:17-82
101        </service>
102
103        <provider
103-->[com.google.firebase:firebase-common:22.0.1] AndroidManifest.xml:23:9-28:39
104            android:name="com.google.firebase.provider.FirebaseInitProvider"
104-->[com.google.firebase:firebase-common:22.0.1] AndroidManifest.xml:24:13-77
105            android:authorities="com.aluno.task.firebaseinitprovider"
105-->[com.google.firebase:firebase-common:22.0.1] AndroidManifest.xml:25:13-72
106            android:directBootAware="true"
106-->[com.google.firebase:firebase-common:22.0.1] AndroidManifest.xml:26:13-43
107            android:exported="false"
107-->[com.google.firebase:firebase-common:22.0.1] AndroidManifest.xml:27:13-37
108            android:initOrder="100" />
108-->[com.google.firebase:firebase-common:22.0.1] AndroidManifest.xml:28:13-36
109
110        <service
110-->[androidx.credentials:credentials-play-services-auth:1.2.0-rc01] AndroidManifest.xml:24:9-32:19
111            android:name="androidx.credentials.playservices.CredentialProviderMetadataHolder"
111-->[androidx.credentials:credentials-play-services-auth:1.2.0-rc01] AndroidManifest.xml:25:13-94
112            android:enabled="true"
112-->[androidx.credentials:credentials-play-services-auth:1.2.0-rc01] AndroidManifest.xml:26:13-35
113            android:exported="false" >
113-->[androidx.credentials:credentials-play-services-auth:1.2.0-rc01] AndroidManifest.xml:27:13-37
114            <meta-data
114-->[androidx.credentials:credentials-play-services-auth:1.2.0-rc01] AndroidManifest.xml:29:13-31:104
115                android:name="androidx.credentials.CREDENTIAL_PROVIDER_KEY"
115-->[androidx.credentials:credentials-play-services-auth:1.2.0-rc01] AndroidManifest.xml:30:17-76
116                android:value="androidx.credentials.playservices.CredentialProviderPlayServicesImpl" />
116-->[androidx.credentials:credentials-play-services-auth:1.2.0-rc01] AndroidManifest.xml:31:17-101
117        </service>
118
119        <activity
119-->[androidx.credentials:credentials-play-services-auth:1.2.0-rc01] AndroidManifest.xml:34:9-41:20
120            android:name="androidx.credentials.playservices.HiddenActivity"
120-->[androidx.credentials:credentials-play-services-auth:1.2.0-rc01] AndroidManifest.xml:35:13-76
121            android:configChanges="orientation|screenSize|screenLayout|keyboardHidden"
121-->[androidx.credentials:credentials-play-services-auth:1.2.0-rc01] AndroidManifest.xml:36:13-87
122            android:enabled="true"
122-->[androidx.credentials:credentials-play-services-auth:1.2.0-rc01] AndroidManifest.xml:37:13-35
123            android:exported="false"
123-->[androidx.credentials:credentials-play-services-auth:1.2.0-rc01] AndroidManifest.xml:38:13-37
124            android:fitsSystemWindows="true"
124-->[androidx.credentials:credentials-play-services-auth:1.2.0-rc01] AndroidManifest.xml:39:13-45
125            android:theme="@style/Theme.Hidden" >
125-->[androidx.credentials:credentials-play-services-auth:1.2.0-rc01] AndroidManifest.xml:40:13-48
126        </activity>
127        <activity
127-->[com.google.android.gms:play-services-auth:20.7.0] AndroidManifest.xml:23:9-27:75
128            android:name="com.google.android.gms.auth.api.signin.internal.SignInHubActivity"
128-->[com.google.android.gms:play-services-auth:20.7.0] AndroidManifest.xml:24:13-93
129            android:excludeFromRecents="true"
129-->[com.google.android.gms:play-services-auth:20.7.0] AndroidManifest.xml:25:13-46
130            android:exported="false"
130-->[com.google.android.gms:play-services-auth:20.7.0] AndroidManifest.xml:26:13-37
131            android:theme="@android:style/Theme.Translucent.NoTitleBar" />
131-->[com.google.android.gms:play-services-auth:20.7.0] AndroidManifest.xml:27:13-72
132        <!--
133            Service handling Google Sign-In user revocation. For apps that do not integrate with
134            Google Sign-In, this service will never be started.
135        -->
136        <service
136-->[com.google.android.gms:play-services-auth:20.7.0] AndroidManifest.xml:33:9-37:51
137            android:name="com.google.android.gms.auth.api.signin.RevocationBoundService"
137-->[com.google.android.gms:play-services-auth:20.7.0] AndroidManifest.xml:34:13-89
138            android:exported="true"
138-->[com.google.android.gms:play-services-auth:20.7.0] AndroidManifest.xml:35:13-36
139            android:permission="com.google.android.gms.auth.api.signin.permission.REVOCATION_NOTIFICATION"
139-->[com.google.android.gms:play-services-auth:20.7.0] AndroidManifest.xml:36:13-107
140            android:visibleToInstantApps="true" />
140-->[com.google.android.gms:play-services-auth:20.7.0] AndroidManifest.xml:37:13-48
141
142        <provider
142-->[androidx.emoji2:emoji2:1.2.0] AndroidManifest.xml:24:9-32:20
143            android:name="androidx.startup.InitializationProvider"
143-->[androidx.emoji2:emoji2:1.2.0] AndroidManifest.xml:25:13-67
144            android:authorities="com.aluno.task.androidx-startup"
144-->[androidx.emoji2:emoji2:1.2.0] AndroidManifest.xml:26:13-68
145            android:exported="false" >
145-->[androidx.emoji2:emoji2:1.2.0] AndroidManifest.xml:27:13-37
146            <meta-data
146-->[androidx.emoji2:emoji2:1.2.0] AndroidManifest.xml:29:13-31:52
147                android:name="androidx.emoji2.text.EmojiCompatInitializer"
147-->[androidx.emoji2:emoji2:1.2.0] AndroidManifest.xml:30:17-75
148                android:value="androidx.startup" />
148-->[androidx.emoji2:emoji2:1.2.0] AndroidManifest.xml:31:17-49
149            <meta-data
149-->[androidx.lifecycle:lifecycle-process:2.7.0] AndroidManifest.xml:29:13-31:52
150                android:name="androidx.lifecycle.ProcessLifecycleInitializer"
150-->[androidx.lifecycle:lifecycle-process:2.7.0] AndroidManifest.xml:30:17-78
151                android:value="androidx.startup" />
151-->[androidx.lifecycle:lifecycle-process:2.7.0] AndroidManifest.xml:31:17-49
152            <meta-data
152-->[androidx.profileinstaller:profileinstaller:1.3.0] AndroidManifest.xml:29:13-31:52
153                android:name="androidx.profileinstaller.ProfileInstallerInitializer"
153-->[androidx.profileinstaller:profileinstaller:1.3.0] AndroidManifest.xml:30:17-85
154                android:value="androidx.startup" />
154-->[androidx.profileinstaller:profileinstaller:1.3.0] AndroidManifest.xml:31:17-49
155        </provider>
156
157        <activity
157-->[com.google.android.gms:play-services-base:18.1.0] AndroidManifest.xml:20:9-22:45
158            android:name="com.google.android.gms.common.api.GoogleApiActivity"
158-->[com.google.android.gms:play-services-base:18.1.0] AndroidManifest.xml:20:19-85
159            android:exported="false"
159-->[com.google.android.gms:play-services-base:18.1.0] AndroidManifest.xml:22:19-43
160            android:theme="@android:style/Theme.Translucent.NoTitleBar" />
160-->[com.google.android.gms:play-services-base:18.1.0] AndroidManifest.xml:21:19-78
161
162        <uses-library
162-->[androidx.window:window:1.0.0] AndroidManifest.xml:25:9-27:40
163            android:name="androidx.window.extensions"
163-->[androidx.window:window:1.0.0] AndroidManifest.xml:26:13-54
164            android:required="false" />
164-->[androidx.window:window:1.0.0] AndroidManifest.xml:27:13-37
165        <uses-library
165-->[androidx.window:window:1.0.0] AndroidManifest.xml:28:9-30:40
166            android:name="androidx.window.sidecar"
166-->[androidx.window:window:1.0.0] AndroidManifest.xml:29:13-51
167            android:required="false" />
167-->[androidx.window:window:1.0.0] AndroidManifest.xml:30:13-37
168
169        <meta-data
169-->[com.google.android.gms:play-services-basement:18.4.0] AndroidManifest.xml:6:9-122
170            android:name="com.google.android.gms.version"
170-->[com.google.android.gms:play-services-basement:18.4.0] AndroidManifest.xml:6:20-65
171            android:value="@integer/google_play_services_version" />
171-->[com.google.android.gms:play-services-basement:18.4.0] AndroidManifest.xml:6:66-119
172
173        <receiver
173-->[androidx.profileinstaller:profileinstaller:1.3.0] AndroidManifest.xml:34:9-52:20
174            android:name="androidx.profileinstaller.ProfileInstallReceiver"
174-->[androidx.profileinstaller:profileinstaller:1.3.0] AndroidManifest.xml:35:13-76
175            android:directBootAware="false"
175-->[androidx.profileinstaller:profileinstaller:1.3.0] AndroidManifest.xml:36:13-44
176            android:enabled="true"
176-->[androidx.profileinstaller:profileinstaller:1.3.0] AndroidManifest.xml:37:13-35
177            android:exported="true"
177-->[androidx.profileinstaller:profileinstaller:1.3.0] AndroidManifest.xml:38:13-36
178            android:permission="android.permission.DUMP" >
178-->[androidx.profileinstaller:profileinstaller:1.3.0] AndroidManifest.xml:39:13-57
179            <intent-filter>
179-->[androidx.profileinstaller:profileinstaller:1.3.0] AndroidManifest.xml:40:13-42:29
180                <action android:name="androidx.profileinstaller.action.INSTALL_PROFILE" />
180-->[androidx.profileinstaller:profileinstaller:1.3.0] AndroidManifest.xml:41:17-91
180-->[androidx.profileinstaller:profileinstaller:1.3.0] AndroidManifest.xml:41:25-88
181            </intent-filter>
182            <intent-filter>
182-->[androidx.profileinstaller:profileinstaller:1.3.0] AndroidManifest.xml:43:13-45:29
183                <action android:name="androidx.profileinstaller.action.SKIP_FILE" />
183-->[androidx.profileinstaller:profileinstaller:1.3.0] AndroidManifest.xml:44:17-85
183-->[androidx.profileinstaller:profileinstaller:1.3.0] AndroidManifest.xml:44:25-82
184            </intent-filter>
185            <intent-filter>
185-->[androidx.profileinstaller:profileinstaller:1.3.0] AndroidManifest.xml:46:13-48:29
186                <action android:name="androidx.profileinstaller.action.SAVE_PROFILE" />
186-->[androidx.profileinstaller:profileinstaller:1.3.0] AndroidManifest.xml:47:17-88
186-->[androidx.profileinstaller:profileinstaller:1.3.0] AndroidManifest.xml:47:25-85
187            </intent-filter>
188            <intent-filter>
188-->[androidx.profileinstaller:profileinstaller:1.3.0] AndroidManifest.xml:49:13-51:29
189                <action android:name="androidx.profileinstaller.action.BENCHMARK_OPERATION" />
189-->[androidx.profileinstaller:profileinstaller:1.3.0] AndroidManifest.xml:50:17-95
189-->[androidx.profileinstaller:profileinstaller:1.3.0] AndroidManifest.xml:50:25-92
190            </intent-filter>
191        </receiver> <!-- The activities will be merged into the manifest of the hosting app. -->
192        <activity
192-->[com.google.android.play:core-common:2.0.3] AndroidManifest.xml:14:9-18:65
193            android:name="com.google.android.play.core.common.PlayCoreDialogWrapperActivity"
193-->[com.google.android.play:core-common:2.0.3] AndroidManifest.xml:15:13-93
194            android:exported="false"
194-->[com.google.android.play:core-common:2.0.3] AndroidManifest.xml:16:13-37
195            android:stateNotNeeded="true"
195-->[com.google.android.play:core-common:2.0.3] AndroidManifest.xml:17:13-42
196            android:theme="@style/Theme.PlayCore.Transparent" />
196-->[com.google.android.play:core-common:2.0.3] AndroidManifest.xml:18:13-62
197    </application>
198
199</manifest>